Using pre-set license
Built from '2020.3/release' branch; Version is '2020.3.27f1 (e759542391ea) revision 15161684'; Using compiler version '192528614'; Build Type 'Release'
OS: 'Windows 10  (10.0.19045) 64bit Enterprise' Language: 'ru' Physical Memory: 15260 MB
BatchMode: 1, IsHumanControllingUs: 0, StartBugReporterOnCrash: 0, Is64bit: 1, IsPro: 0

COMMAND LINE ARGUMENTS:
D:\Program Files (x86)\Unity\2020.3.27f1\Editor\Unity.exe
-adb2
-batchMode
-noUpm
-name
AssetImportWorker0
-projectPath
D:/Works/Sign-of-Magic
-logFile
Logs/AssetImportWorker0.log
-srvPort
59263
Successfully changed project path to: D:/Works/Sign-of-Magic
D:/Works/Sign-of-Magic
Using Asset Import Pipeline V2.
Refreshing native plugins compatible for Editor in 53.14 ms, found 2 plugins.
Preloading 0 native plugins for Editor in 0.00 ms.
Initialize engine version: 2020.3.27f1 (e759542391ea)
[Subsystems] Discovering subsystems at path D:/Program Files (x86)/Unity/2020.3.27f1/Editor/Data/Resources/UnitySubsystems
[Subsystems] Discovering subsystems at path D:/Works/Sign-of-Magic/Assets
GfxDevice: creating device client; threaded=0
Direct3D:
    Version:  Direct3D 11.0 [level 11.1]
    Renderer: Radeon RX 560X Series (ID=0x67ef)
    Vendor:   
    VRAM:     4074 MB
    Driver:   31.0.12015.1008
Initialize mono
Mono path[0] = 'D:/Program Files (x86)/Unity/2020.3.27f1/Editor/Data/Managed'
Mono path[1] = 'D:/Program Files (x86)/Unity/2020.3.27f1/Editor/Data/MonoBleedingEdge/lib/mono/unityjit'
Mono config path = 'D:/Program Files (x86)/Unity/2020.3.27f1/Editor/Data/MonoBleedingEdge/etc'
Using monoOptions --debugger-agent=transport=dt_socket,embedding=1,server=y,suspend=n,address=127.0.0.1:56272
Begin MonoManager ReloadAssembly
Registering precompiled unity dll's ...
Register platform support module: D:/Program Files (x86)/Unity/2020.3.27f1/Editor/Data/PlaybackEngines/WindowsStandaloneSupport/UnityEditor.WindowsStandalone.Extensions.dll
Registered in 0.003118 seconds.
Native extension for WindowsStandalone target not found
Refreshing native plugins compatible for Editor in 58.19 ms, found 2 plugins.
Preloading 0 native plugins for Editor in 0.00 ms.
Mono: successfully reloaded assembly
- Completed reload, in  1.289 seconds
Domain Reload Profiling:
	ReloadAssembly (1289ms)
		BeginReloadAssembly (151ms)
			ExecutionOrderSort (0ms)
			DisableScriptedObjects (0ms)
			BackupInstance (0ms)
			ReleaseScriptingObjects (0ms)
			CreateAndSetChildDomain (1ms)
		EndReloadAssembly (950ms)
			LoadAssemblies (149ms)
			RebuildTransferFunctionScriptingTraits (0ms)
			SetupTypeCache (329ms)
			ReleaseScriptCaches (0ms)
			RebuildScriptCaches (64ms)
			SetupLoadedEditorAssemblies (347ms)
				LogAssemblyErrors (0ms)
				InitializePlatformSupportModulesInManaged (8ms)
				SetLoadedEditorAssemblies (0ms)
				RefreshPlugins (58ms)
				BeforeProcessingInitializeOnLoad (34ms)
				ProcessInitializeOnLoadAttributes (184ms)
				ProcessInitializeOnLoadMethodAttributes (63ms)
				AfterProcessingInitializeOnLoad (0ms)
				EditorAssembliesLoaded (0ms)
			ExecutionOrderSort2 (0ms)
			AwakeInstancesAfterBackupRestoration (0ms)
Platform modules already initialized, skipping
Registering precompiled user dll's ...
Registered in 0.005953 seconds.
Begin MonoManager ReloadAssembly
Native extension for WindowsStandalone target not found
Refreshing native plugins compatible for Editor in 0.62 ms, found 2 plugins.
Preloading 0 native plugins for Editor in 0.00 ms.
Mono: successfully reloaded assembly
- Completed reload, in  2.253 seconds
Domain Reload Profiling:
	ReloadAssembly (2254ms)
		BeginReloadAssembly (331ms)
			ExecutionOrderSort (0ms)
			DisableScriptedObjects (9ms)
			BackupInstance (0ms)
			ReleaseScriptingObjects (0ms)
			CreateAndSetChildDomain (43ms)
		EndReloadAssembly (1802ms)
			LoadAssemblies (191ms)
			RebuildTransferFunctionScriptingTraits (0ms)
			SetupTypeCache (630ms)
			ReleaseScriptCaches (1ms)
			RebuildScriptCaches (83ms)
			SetupLoadedEditorAssemblies (702ms)
				LogAssemblyErrors (0ms)
				InitializePlatformSupportModulesInManaged (10ms)
				SetLoadedEditorAssemblies (1ms)
				RefreshPlugins (1ms)
				BeforeProcessingInitializeOnLoad (150ms)
				ProcessInitializeOnLoadAttributes (513ms)
				ProcessInitializeOnLoadMethodAttributes (22ms)
				AfterProcessingInitializeOnLoad (5ms)
				EditorAssembliesLoaded (0ms)
			ExecutionOrderSort2 (0ms)
			AwakeInstancesAfterBackupRestoration (12ms)
Platform modules already initialized, skipping
========================================================================
Worker process is ready to serve import requests
Launched and connected shader compiler UnityShaderCompiler.exe after 0.11 seconds
Refreshing native plugins compatible for Editor in 1.09 ms, found 2 plugins.
Preloading 0 native plugins for Editor in 0.00 ms.
Unloading 1503 Unused Serialized files (Serialized files now loaded: 0)
System memory in use before: 68.0 MB.
System memory in use after: 68.1 MB.

Unloading 19 unused Assets to reduce memory usage. Loaded Objects now: 1936.
Total: 4.988200 ms (FindLiveObjects: 0.257500 ms CreateObjectMapping: 0.062000 ms MarkObjects: 4.543000 ms  DeleteObjects: 0.123700 ms)

AssetImportParameters requested are different than current active one (requested -> active):
  custom:framework-win-MediaFoundation: 216162199b28c13a410421893ffa2e32 -> 
  custom:video-decoder-ogg-theora: a1e56fd34408186e4bbccfd4996cb3dc -> 
  custom:container-muxer-webm: aa71ff27fc2769a1b78a27578f13a17b -> 
  custom:container-demuxer-webm: 4f35f7cbe854078d1ac9338744f61a02 -> 
  custom:container-demuxer-ogg: 62fdf1f143b41e24485cea50d1cbac27 -> 
  custom:video-encoder-webm-vp8: eb34c28f22e8b96e1ab97ce403110664 -> 
  custom:video-decoder-webm-vp8: 9c59270c3fd7afecdb556c50c9e8de78 -> 
  custom:audio-decoder-ogg-vorbis: bf7c407c2cedff20999df2af8eb42d56 -> 
  custom:audio-encoder-webm-vorbis: bf7c407c2cedff20999df2af8eb42d56 -> 
========================================================================
Received Import Request.
  path: Assets/Models/Demon/MovingCircle.anim
  artifactKey: Guid(6d360405f1c13704795ab7b3c776a83a) Importer(815301076,1909f56bfc062723c751e8b465ee728b)
Start importing Assets/Models/Demon/MovingCircle.anim using Guid(6d360405f1c13704795ab7b3c776a83a) Importer(815301076,1909f56bfc062723c751e8b465ee728b)  -> (artifact id: 'a0fa9f4a65d0f82571a33c9b0dc63f99') in 0.065119 seconds 
  Import took 0.069714 seconds .

========================================================================
Received Import Request.
  Time since last request: 557.592647 seconds.
  path: Assets/Models/Vampire/VampireWalk.controller
  artifactKey: Guid(938d971532bdceb4e9971ff82fdee392) Importer(815301076,1909f56bfc062723c751e8b465ee728b)
Start importing Assets/Models/Vampire/VampireWalk.controller using Guid(938d971532bdceb4e9971ff82fdee392) Importer(815301076,1909f56bfc062723c751e8b465ee728b)  -> (artifact id: '8c1e0c98789513c32bfc1b1579efcd97') in 0.048280 seconds 
  Import took 0.054493 seconds .

========================================================================
Received Import Request.
  Time since last request: 7.059442 seconds.
  path: Assets/Models/Vampire/MovingRectangle.anim
  artifactKey: Guid(82f41995c12050a46bd97f3c3b1df79d) Importer(815301076,1909f56bfc062723c751e8b465ee728b)
Start importing Assets/Models/Vampire/MovingRectangle.anim using Guid(82f41995c12050a46bd97f3c3b1df79d) Importer(815301076,1909f56bfc062723c751e8b465ee728b)  -> (artifact id: '0f2aba5a0e13a4ef0f990783d39fe8a5') in 0.017435 seconds 
  Import took 0.024085 seconds .

========================================================================
Received Import Request.
  Time since last request: 79.543792 seconds.
  path: Assets/Models/Vampire/VampireRun.controller
  artifactKey: Guid(961d5918d7329a340b0ae636282960ae) Importer(815301076,1909f56bfc062723c751e8b465ee728b)
Start importing Assets/Models/Vampire/VampireRun.controller using Guid(961d5918d7329a340b0ae636282960ae) Importer(815301076,1909f56bfc062723c751e8b465ee728b)  -> (artifact id: '1ebbd983000833a07e6cf7d084339b40') in 0.030005 seconds 
  Import took 0.038756 seconds .

========================================================================
Received Prepare
Registering precompiled user dll's ...
Registered in 0.005530 seconds.
Begin MonoManager ReloadAssembly
Native extension for WindowsStandalone target not found
Refreshing native plugins compatible for Editor in 0.47 ms, found 2 plugins.
Preloading 0 native plugins for Editor in 0.00 ms.
Mono: successfully reloaded assembly
- Completed reload, in  2.023 seconds
Domain Reload Profiling:
	ReloadAssembly (2023ms)
		BeginReloadAssembly (250ms)
			ExecutionOrderSort (0ms)
			DisableScriptedObjects (12ms)
			BackupInstance (0ms)
			ReleaseScriptingObjects (0ms)
			CreateAndSetChildDomain (68ms)
		EndReloadAssembly (1634ms)
			LoadAssemblies (203ms)
			RebuildTransferFunctionScriptingTraits (0ms)
			SetupTypeCache (606ms)
			ReleaseScriptCaches (2ms)
			RebuildScriptCaches (78ms)
			SetupLoadedEditorAssemblies (602ms)
				LogAssemblyErrors (0ms)
				InitializePlatformSupportModulesInManaged (10ms)
				SetLoadedEditorAssemblies (1ms)
				RefreshPlugins (1ms)
				BeforeProcessingInitializeOnLoad (145ms)
				ProcessInitializeOnLoadAttributes (419ms)
				ProcessInitializeOnLoadMethodAttributes (22ms)
				AfterProcessingInitializeOnLoad (4ms)
				EditorAssembliesLoaded (1ms)
			ExecutionOrderSort2 (0ms)
			AwakeInstancesAfterBackupRestoration (14ms)
Platform modules already initialized, skipping
Refreshing native plugins compatible for Editor in 0.91 ms, found 2 plugins.
Preloading 0 native plugins for Editor in 0.00 ms.
Unloading 1498 Unused Serialized files (Serialized files now loaded: 0)
System memory in use before: 68.1 MB.
System memory in use after: 68.2 MB.

Unloading 14 unused Assets to reduce memory usage. Loaded Objects now: 1938.
Total: 3.833400 ms (FindLiveObjects: 0.280000 ms CreateObjectMapping: 0.088100 ms MarkObjects: 3.441300 ms  DeleteObjects: 0.022300 ms)

AssetImportParameters requested are different than current active one (requested -> active):
  custom:framework-win-MediaFoundation: 216162199b28c13a410421893ffa2e32 -> 
  custom:video-decoder-ogg-theora: a1e56fd34408186e4bbccfd4996cb3dc -> 
  custom:container-muxer-webm: aa71ff27fc2769a1b78a27578f13a17b -> 
  custom:container-demuxer-webm: 4f35f7cbe854078d1ac9338744f61a02 -> 
  custom:container-demuxer-ogg: 62fdf1f143b41e24485cea50d1cbac27 -> 
  custom:video-encoder-webm-vp8: eb34c28f22e8b96e1ab97ce403110664 -> 
  custom:video-decoder-webm-vp8: 9c59270c3fd7afecdb556c50c9e8de78 -> 
  custom:audio-decoder-ogg-vorbis: bf7c407c2cedff20999df2af8eb42d56 -> 
  custom:audio-encoder-webm-vorbis: bf7c407c2cedff20999df2af8eb42d56 -> 
========================================================================
Received Import Request.
  Time since last request: 529.170662 seconds.
  path: Assets/Models/Vampire/MovingCircle.anim
  artifactKey: Guid(a61e14af62aa4e348a4e23a08ef3dcff) Importer(815301076,1909f56bfc062723c751e8b465ee728b)
Start importing Assets/Models/Vampire/MovingCircle.anim using Guid(a61e14af62aa4e348a4e23a08ef3dcff) Importer(815301076,1909f56bfc062723c751e8b465ee728b)  -> (artifact id: 'dbb34ac6868a0b995cbe48be3c18cae4') in 0.034103 seconds 
  Import took 0.040249 seconds .

========================================================================
Received Prepare
Registering precompiled user dll's ...
Registered in 0.008409 seconds.
Begin MonoManager ReloadAssembly
Native extension for WindowsStandalone target not found
Refreshing native plugins compatible for Editor in 0.67 ms, found 2 plugins.
Preloading 0 native plugins for Editor in 0.00 ms.
Mono: successfully reloaded assembly
- Completed reload, in  2.571 seconds
Domain Reload Profiling:
	ReloadAssembly (2572ms)
		BeginReloadAssembly (285ms)
			ExecutionOrderSort (0ms)
			DisableScriptedObjects (12ms)
			BackupInstance (0ms)
			ReleaseScriptingObjects (0ms)
			CreateAndSetChildDomain (90ms)
		EndReloadAssembly (2136ms)
			LoadAssemblies (245ms)
			RebuildTransferFunctionScriptingTraits (0ms)
			SetupTypeCache (824ms)
			ReleaseScriptCaches (4ms)
			RebuildScriptCaches (152ms)
			SetupLoadedEditorAssemblies (711ms)
				LogAssemblyErrors (0ms)
				InitializePlatformSupportModulesInManaged (12ms)
				SetLoadedEditorAssemblies (2ms)
				RefreshPlugins (1ms)
				BeforeProcessingInitializeOnLoad (179ms)
				ProcessInitializeOnLoadAttributes (489ms)
				ProcessInitializeOnLoadMethodAttributes (23ms)
				AfterProcessingInitializeOnLoad (5ms)
				EditorAssembliesLoaded (0ms)
			ExecutionOrderSort2 (0ms)
			AwakeInstancesAfterBackupRestoration (19ms)
Platform modules already initialized, skipping
Refreshing native plugins compatible for Editor in 0.64 ms, found 2 plugins.
Preloading 0 native plugins for Editor in 0.00 ms.
Unloading 1498 Unused Serialized files (Serialized files now loaded: 0)
System memory in use before: 68.1 MB.
System memory in use after: 68.2 MB.

Unloading 14 unused Assets to reduce memory usage. Loaded Objects now: 1940.
Total: 6.950600 ms (FindLiveObjects: 0.245400 ms CreateObjectMapping: 0.061300 ms MarkObjects: 6.577100 ms  DeleteObjects: 0.064400 ms)

AssetImportParameters requested are different than current active one (requested -> active):
  custom:framework-win-MediaFoundation: 216162199b28c13a410421893ffa2e32 -> 
  custom:video-decoder-ogg-theora: a1e56fd34408186e4bbccfd4996cb3dc -> 
  custom:container-muxer-webm: aa71ff27fc2769a1b78a27578f13a17b -> 
  custom:container-demuxer-webm: 4f35f7cbe854078d1ac9338744f61a02 -> 
  custom:container-demuxer-ogg: 62fdf1f143b41e24485cea50d1cbac27 -> 
  custom:video-encoder-webm-vp8: eb34c28f22e8b96e1ab97ce403110664 -> 
  custom:video-decoder-webm-vp8: 9c59270c3fd7afecdb556c50c9e8de78 -> 
  custom:audio-decoder-ogg-vorbis: bf7c407c2cedff20999df2af8eb42d56 -> 
  custom:audio-encoder-webm-vorbis: bf7c407c2cedff20999df2af8eb42d56 -> 
========================================================================
Received Prepare
Registering precompiled user dll's ...
Registered in 0.006574 seconds.
Begin MonoManager ReloadAssembly
Native extension for WindowsStandalone target not found
Refreshing native plugins compatible for Editor in 0.71 ms, found 2 plugins.
Preloading 0 native plugins for Editor in 0.00 ms.
Mono: successfully reloaded assembly
- Completed reload, in  2.026 seconds
Domain Reload Profiling:
	ReloadAssembly (2026ms)
		BeginReloadAssembly (188ms)
			ExecutionOrderSort (0ms)
			DisableScriptedObjects (10ms)
			BackupInstance (0ms)
			ReleaseScriptingObjects (0ms)
			CreateAndSetChildDomain (56ms)
		EndReloadAssembly (1697ms)
			LoadAssemblies (180ms)
			RebuildTransferFunctionScriptingTraits (0ms)
			SetupTypeCache (660ms)
			ReleaseScriptCaches (2ms)
			RebuildScriptCaches (91ms)
			SetupLoadedEditorAssemblies (577ms)
				LogAssemblyErrors (0ms)
				InitializePlatformSupportModulesInManaged (7ms)
				SetLoadedEditorAssemblies (2ms)
				RefreshPlugins (1ms)
				BeforeProcessingInitializeOnLoad (140ms)
				ProcessInitializeOnLoadAttributes (404ms)
				ProcessInitializeOnLoadMethodAttributes (19ms)
				AfterProcessingInitializeOnLoad (4ms)
				EditorAssembliesLoaded (0ms)
			ExecutionOrderSort2 (0ms)
			AwakeInstancesAfterBackupRestoration (12ms)
Platform modules already initialized, skipping
Refreshing native plugins compatible for Editor in 0.79 ms, found 2 plugins.
Preloading 0 native plugins for Editor in 0.00 ms.
Unloading 1498 Unused Serialized files (Serialized files now loaded: 0)
System memory in use before: 68.1 MB.
System memory in use after: 68.2 MB.

Unloading 14 unused Assets to reduce memory usage. Loaded Objects now: 1942.
Total: 4.090200 ms (FindLiveObjects: 0.245000 ms CreateObjectMapping: 0.087300 ms MarkObjects: 3.730300 ms  DeleteObjects: 0.025300 ms)

AssetImportParameters requested are different than current active one (requested -> active):
  custom:framework-win-MediaFoundation: 216162199b28c13a410421893ffa2e32 -> 
  custom:video-decoder-ogg-theora: a1e56fd34408186e4bbccfd4996cb3dc -> 
  custom:container-muxer-webm: aa71ff27fc2769a1b78a27578f13a17b -> 
  custom:container-demuxer-webm: 4f35f7cbe854078d1ac9338744f61a02 -> 
  custom:container-demuxer-ogg: 62fdf1f143b41e24485cea50d1cbac27 -> 
  custom:video-encoder-webm-vp8: eb34c28f22e8b96e1ab97ce403110664 -> 
  custom:video-decoder-webm-vp8: 9c59270c3fd7afecdb556c50c9e8de78 -> 
  custom:audio-decoder-ogg-vorbis: bf7c407c2cedff20999df2af8eb42d56 -> 
  custom:audio-encoder-webm-vorbis: bf7c407c2cedff20999df2af8eb42d56 -> 
========================================================================
Received Import Request.
  Time since last request: 414.024668 seconds.
  path: Assets/Models/Vampire/Mesh/VampireWalk.fbx
  artifactKey: Guid(36ef1cbac87e2c84da5582f5593c07cf) Importer(815301076,1909f56bfc062723c751e8b465ee728b)
Start importing Assets/Models/Vampire/Mesh/VampireWalk.fbx using Guid(36ef1cbac87e2c84da5582f5593c07cf) Importer(815301076,1909f56bfc062723c751e8b465ee728b)  -> (artifact id: '14b005eda13ac8cb036de3873fc4f5aa') in 0.081881 seconds 
  Import took 0.117644 seconds .

========================================================================
Received Prepare
Registering precompiled user dll's ...
Registered in 0.006005 seconds.
Begin MonoManager ReloadAssembly
Native extension for WindowsStandalone target not found
Refreshing native plugins compatible for Editor in 0.67 ms, found 2 plugins.
Preloading 0 native plugins for Editor in 0.00 ms.
Mono: successfully reloaded assembly
- Completed reload, in  2.244 seconds
Domain Reload Profiling:
	ReloadAssembly (2245ms)
		BeginReloadAssembly (227ms)
			ExecutionOrderSort (0ms)
			DisableScriptedObjects (15ms)
			BackupInstance (0ms)
			ReleaseScriptingObjects (0ms)
			CreateAndSetChildDomain (67ms)
		EndReloadAssembly (1875ms)
			LoadAssemblies (207ms)
			RebuildTransferFunctionScriptingTraits (0ms)
			SetupTypeCache (743ms)
			ReleaseScriptCaches (2ms)
			RebuildScriptCaches (99ms)
			SetupLoadedEditorAssemblies (611ms)
				LogAssemblyErrors (0ms)
				InitializePlatformSupportModulesInManaged (11ms)
				SetLoadedEditorAssemblies (2ms)
				RefreshPlugins (1ms)
				BeforeProcessingInitializeOnLoad (146ms)
				ProcessInitializeOnLoadAttributes (424ms)
				ProcessInitializeOnLoadMethodAttributes (21ms)
				AfterProcessingInitializeOnLoad (5ms)
				EditorAssembliesLoaded (0ms)
			ExecutionOrderSort2 (0ms)
			AwakeInstancesAfterBackupRestoration (16ms)
Platform modules already initialized, skipping
Refreshing native plugins compatible for Editor in 0.83 ms, found 2 plugins.
Preloading 0 native plugins for Editor in 0.00 ms.
Unloading 1498 Unused Serialized files (Serialized files now loaded: 0)
System memory in use before: 68.1 MB.
System memory in use after: 68.2 MB.

Unloading 14 unused Assets to reduce memory usage. Loaded Objects now: 1944.
Total: 6.870600 ms (FindLiveObjects: 0.307700 ms CreateObjectMapping: 0.065300 ms MarkObjects: 6.457300 ms  DeleteObjects: 0.035400 ms)

AssetImportParameters requested are different than current active one (requested -> active):
  custom:framework-win-MediaFoundation: 216162199b28c13a410421893ffa2e32 -> 
  custom:video-decoder-ogg-theora: a1e56fd34408186e4bbccfd4996cb3dc -> 
  custom:container-muxer-webm: aa71ff27fc2769a1b78a27578f13a17b -> 
  custom:container-demuxer-webm: 4f35f7cbe854078d1ac9338744f61a02 -> 
  custom:container-demuxer-ogg: 62fdf1f143b41e24485cea50d1cbac27 -> 
  custom:video-encoder-webm-vp8: eb34c28f22e8b96e1ab97ce403110664 -> 
  custom:video-decoder-webm-vp8: 9c59270c3fd7afecdb556c50c9e8de78 -> 
  custom:audio-decoder-ogg-vorbis: bf7c407c2cedff20999df2af8eb42d56 -> 
  custom:audio-encoder-webm-vorbis: bf7c407c2cedff20999df2af8eb42d56 -> 
========================================================================
Received Import Request.
  Time since last request: 305.822207 seconds.
  path: Assets/Models/Vampire/Mesh/VampireWalk.fbx
  artifactKey: Guid(36ef1cbac87e2c84da5582f5593c07cf) Importer(815301076,1909f56bfc062723c751e8b465ee728b)
Start importing Assets/Models/Vampire/Mesh/VampireWalk.fbx using Guid(36ef1cbac87e2c84da5582f5593c07cf) Importer(815301076,1909f56bfc062723c751e8b465ee728b)  -> (artifact id: 'f7261c2d3d3343d9980c45a51d84cd31') in 0.397337 seconds 
  Import took 0.427997 seconds .

========================================================================
Received Import Request.
  Time since last request: 8.640921 seconds.
  path: Assets/Models/Vampire/Mesh/VampireWalk.fbx
  artifactKey: Guid(36ef1cbac87e2c84da5582f5593c07cf) Importer(815301076,1909f56bfc062723c751e8b465ee728b)
Start importing Assets/Models/Vampire/Mesh/VampireWalk.fbx using Guid(36ef1cbac87e2c84da5582f5593c07cf) Importer(815301076,1909f56bfc062723c751e8b465ee728b)  -> (artifact id: 'a1819f934dca5f9228a895a9ca11f0d5') in 0.090542 seconds 
  Import took 0.095883 seconds .

========================================================================
Received Prepare
Registering precompiled user dll's ...
Registered in 0.008712 seconds.
Begin MonoManager ReloadAssembly
Native extension for WindowsStandalone target not found
Refreshing native plugins compatible for Editor in 0.80 ms, found 2 plugins.
Preloading 0 native plugins for Editor in 0.00 ms.
Mono: successfully reloaded assembly
- Completed reload, in  2.638 seconds
Domain Reload Profiling:
	ReloadAssembly (2639ms)
		BeginReloadAssembly (248ms)
			ExecutionOrderSort (0ms)
			DisableScriptedObjects (10ms)
			BackupInstance (0ms)
			ReleaseScriptingObjects (0ms)
			CreateAndSetChildDomain (75ms)
		EndReloadAssembly (2239ms)
			LoadAssemblies (226ms)
			RebuildTransferFunctionScriptingTraits (0ms)
			SetupTypeCache (801ms)
			ReleaseScriptCaches (2ms)
			RebuildScriptCaches (128ms)
			SetupLoadedEditorAssemblies (817ms)
				LogAssemblyErrors (0ms)
				InitializePlatformSupportModulesInManaged (12ms)
				SetLoadedEditorAssemblies (4ms)
				RefreshPlugins (1ms)
				BeforeProcessingInitializeOnLoad (225ms)
				ProcessInitializeOnLoadAttributes (548ms)
				ProcessInitializeOnLoadMethodAttributes (21ms)
				AfterProcessingInitializeOnLoad (6ms)
				EditorAssembliesLoaded (0ms)
			ExecutionOrderSort2 (0ms)
			AwakeInstancesAfterBackupRestoration (18ms)
Platform modules already initialized, skipping
Refreshing native plugins compatible for Editor in 0.56 ms, found 2 plugins.
Preloading 0 native plugins for Editor in 0.00 ms.
Unloading 1498 Unused Serialized files (Serialized files now loaded: 0)
System memory in use before: 85.1 MB.
System memory in use after: 85.2 MB.

Unloading 14 unused Assets to reduce memory usage. Loaded Objects now: 1990.
Total: 6.380900 ms (FindLiveObjects: 0.270000 ms CreateObjectMapping: 0.136300 ms MarkObjects: 5.937800 ms  DeleteObjects: 0.033900 ms)

AssetImportParameters requested are different than current active one (requested -> active):
  custom:framework-win-MediaFoundation: 216162199b28c13a410421893ffa2e32 -> 
  custom:video-decoder-ogg-theora: a1e56fd34408186e4bbccfd4996cb3dc -> 
  custom:container-muxer-webm: aa71ff27fc2769a1b78a27578f13a17b -> 
  custom:container-demuxer-webm: 4f35f7cbe854078d1ac9338744f61a02 -> 
  custom:container-demuxer-ogg: 62fdf1f143b41e24485cea50d1cbac27 -> 
  custom:video-encoder-webm-vp8: eb34c28f22e8b96e1ab97ce403110664 -> 
  custom:video-decoder-webm-vp8: 9c59270c3fd7afecdb556c50c9e8de78 -> 
  custom:audio-decoder-ogg-vorbis: bf7c407c2cedff20999df2af8eb42d56 -> 
  custom:audio-encoder-webm-vorbis: bf7c407c2cedff20999df2af8eb42d56 -> 
========================================================================
Received Prepare
Registering precompiled user dll's ...
Registered in 0.005534 seconds.
Begin MonoManager ReloadAssembly
Native extension for WindowsStandalone target not found
Refreshing native plugins compatible for Editor in 0.68 ms, found 2 plugins.
Preloading 0 native plugins for Editor in 0.00 ms.
Mono: successfully reloaded assembly
- Completed reload, in  2.076 seconds
Domain Reload Profiling:
	ReloadAssembly (2077ms)
		BeginReloadAssembly (215ms)
			ExecutionOrderSort (0ms)
			DisableScriptedObjects (13ms)
			BackupInstance (0ms)
			ReleaseScriptingObjects (0ms)
			CreateAndSetChildDomain (55ms)
		EndReloadAssembly (1730ms)
			LoadAssemblies (197ms)
			RebuildTransferFunctionScriptingTraits (0ms)
			SetupTypeCache (602ms)
			ReleaseScriptCaches (2ms)
			RebuildScriptCaches (106ms)
			SetupLoadedEditorAssemblies (619ms)
				LogAssemblyErrors (0ms)
				InitializePlatformSupportModulesInManaged (11ms)
				SetLoadedEditorAssemblies (1ms)
				RefreshPlugins (1ms)
				BeforeProcessingInitializeOnLoad (155ms)
				ProcessInitializeOnLoadAttributes (425ms)
				ProcessInitializeOnLoadMethodAttributes (21ms)
				AfterProcessingInitializeOnLoad (5ms)
				EditorAssembliesLoaded (1ms)
			ExecutionOrderSort2 (0ms)
			AwakeInstancesAfterBackupRestoration (18ms)
Platform modules already initialized, skipping
Refreshing native plugins compatible for Editor in 0.68 ms, found 2 plugins.
Preloading 0 native plugins for Editor in 0.00 ms.
Unloading 1498 Unused Serialized files (Serialized files now loaded: 0)
System memory in use before: 85.1 MB.
System memory in use after: 85.2 MB.

Unloading 14 unused Assets to reduce memory usage. Loaded Objects now: 1992.
Total: 5.311400 ms (FindLiveObjects: 0.358100 ms CreateObjectMapping: 0.142000 ms MarkObjects: 4.786100 ms  DeleteObjects: 0.023000 ms)

AssetImportParameters requested are different than current active one (requested -> active):
  custom:framework-win-MediaFoundation: 216162199b28c13a410421893ffa2e32 -> 
  custom:video-decoder-ogg-theora: a1e56fd34408186e4bbccfd4996cb3dc -> 
  custom:container-muxer-webm: aa71ff27fc2769a1b78a27578f13a17b -> 
  custom:container-demuxer-webm: 4f35f7cbe854078d1ac9338744f61a02 -> 
  custom:container-demuxer-ogg: 62fdf1f143b41e24485cea50d1cbac27 -> 
  custom:video-encoder-webm-vp8: eb34c28f22e8b96e1ab97ce403110664 -> 
  custom:video-decoder-webm-vp8: 9c59270c3fd7afecdb556c50c9e8de78 -> 
  custom:audio-decoder-ogg-vorbis: bf7c407c2cedff20999df2af8eb42d56 -> 
  custom:audio-encoder-webm-vorbis: bf7c407c2cedff20999df2af8eb42d56 -> 
========================================================================
Received Import Request.
  Time since last request: 185.805662 seconds.
  path: Assets/Models/Zombie/Materials
  artifactKey: Guid(36d4162b67c09314f9c2f7ebd56ec480) Importer(815301076,1909f56bfc062723c751e8b465ee728b)
Start importing Assets/Models/Zombie/Materials using Guid(36d4162b67c09314f9c2f7ebd56ec480) Importer(815301076,1909f56bfc062723c751e8b465ee728b)  -> (artifact id: '4768f4e3bad7ce9d777df0367a12d92b') in 0.019825 seconds 
  Import took 0.042529 seconds .

========================================================================
Received Import Request.
  Time since last request: 2.019076 seconds.
  path: Assets/Models/Zombie/Mesh
  artifactKey: Guid(29c47372b86cd96459fa4db47396b54e) Importer(815301076,1909f56bfc062723c751e8b465ee728b)
Start importing Assets/Models/Zombie/Mesh using Guid(29c47372b86cd96459fa4db47396b54e) Importer(815301076,1909f56bfc062723c751e8b465ee728b)  -> (artifact id: 'abfc487871689dd6b0120aa19f26d0ec') in 0.018551 seconds 
  Import took 0.035651 seconds .

========================================================================
Received Import Request.
  Time since last request: 8.318441 seconds.
  path: Assets/Models/Zombie/Mesh/Zombie_Walk.fbx
  artifactKey: Guid(5136210d1d9ee214e85be5f7ad088a36) Importer(815301076,1909f56bfc062723c751e8b465ee728b)
Start importing Assets/Models/Zombie/Mesh/Zombie_Walk.fbx using Guid(5136210d1d9ee214e85be5f7ad088a36) Importer(815301076,1909f56bfc062723c751e8b465ee728b)  -> (artifact id: 'b4fd95a4d7e532fe507fac70055450f8') in 0.238832 seconds 
  Import took 0.261726 seconds .

========================================================================
Received Import Request.
  Time since last request: 29.342302 seconds.
  path: Assets/Models/Zombie/Mesh/Zombie_Idle.fbx
  artifactKey: Guid(1f8293d5e8aba3e458fc7bcfde830d39) Importer(815301076,1909f56bfc062723c751e8b465ee728b)
Start importing Assets/Models/Zombie/Mesh/Zombie_Idle.fbx using Guid(1f8293d5e8aba3e458fc7bcfde830d39) Importer(815301076,1909f56bfc062723c751e8b465ee728b)  -> (artifact id: '6bea15d755eb5502fcb2eecdd1fce114') in 0.099487 seconds 
  Import took 0.128668 seconds .

========================================================================
Received Import Request.
  Time since last request: 4.609236 seconds.
  path: Assets/Models/Zombie/Mesh/Zombie_Walk.fbx
  artifactKey: Guid(5136210d1d9ee214e85be5f7ad088a36) Importer(815301076,1909f56bfc062723c751e8b465ee728b)
Start importing Assets/Models/Zombie/Mesh/Zombie_Walk.fbx using Guid(5136210d1d9ee214e85be5f7ad088a36) Importer(815301076,1909f56bfc062723c751e8b465ee728b)  -> (artifact id: '7f12b629952160cbfb283bd5c3ea2e32') in 0.066559 seconds 
  Import took 0.085877 seconds .

========================================================================
Received Import Request.
  Time since last request: 14.626205 seconds.
  path: Assets/Models/Zombie/Mesh/Zombie_Idle.fbx
  artifactKey: Guid(1f8293d5e8aba3e458fc7bcfde830d39) Importer(815301076,1909f56bfc062723c751e8b465ee728b)
Start importing Assets/Models/Zombie/Mesh/Zombie_Idle.fbx using Guid(1f8293d5e8aba3e458fc7bcfde830d39) Importer(815301076,1909f56bfc062723c751e8b465ee728b)  -> (artifact id: 'fd42c6241cb72f58cc90b6cc6277ba36') in 0.081816 seconds 
  Import took 0.106375 seconds .

========================================================================
Received Import Request.
  Time since last request: 0.000407 seconds.
  path: Assets/Models/Zombie/Mesh/Zombie_Walk.fbx
  artifactKey: Guid(5136210d1d9ee214e85be5f7ad088a36) Importer(815301076,1909f56bfc062723c751e8b465ee728b)
Start importing Assets/Models/Zombie/Mesh/Zombie_Walk.fbx using Guid(5136210d1d9ee214e85be5f7ad088a36) Importer(815301076,1909f56bfc062723c751e8b465ee728b)  -> (artifact id: 'ba284b735ffc786b16bc8d1d225a0352') in 0.073539 seconds 
  Import took 0.095600 seconds .

========================================================================
Received Import Request.
  Time since last request: 3.847283 seconds.
  path: Assets/Models/Zombie/Textures
  artifactKey: Guid(5906bf01769b24c46b6fd3c72b53dcef) Importer(815301076,1909f56bfc062723c751e8b465ee728b)
Start importing Assets/Models/Zombie/Textures using Guid(5906bf01769b24c46b6fd3c72b53dcef) Importer(815301076,1909f56bfc062723c751e8b465ee728b)  -> (artifact id: 'a1d847055f3b8e03f900ec399a2b50d5') in 0.016793 seconds 
  Import took 0.024479 seconds .

========================================================================
Received Import Request.
  Time since last request: 0.149273 seconds.
  path: Assets/Models/Zombie/Textures/Demon__diffuse.png
  artifactKey: Guid(f7e913f49e3cac34c9a5aa5171efc520) Importer(815301076,1909f56bfc062723c751e8b465ee728b)
Start importing Assets/Models/Zombie/Textures/Demon__diffuse.png using Guid(f7e913f49e3cac34c9a5aa5171efc520) Importer(815301076,1909f56bfc062723c751e8b465ee728b)  -> (artifact id: '5c90b137c32984a7f8cafa075c431895') in 0.054162 seconds 
  Import took 0.073709 seconds .

========================================================================
Received Import Request.
  Time since last request: 0.000450 seconds.
  path: Assets/Models/Zombie/Textures/Demon__normal.png
  artifactKey: Guid(4e59ac4012bb9ce459095215541fc3a0) Importer(815301076,1909f56bfc062723c751e8b465ee728b)
Start importing Assets/Models/Zombie/Textures/Demon__normal.png using Guid(4e59ac4012bb9ce459095215541fc3a0) Importer(815301076,1909f56bfc062723c751e8b465ee728b)  -> (artifact id: 'd6f0ed0a56c8ed8fb496813c43b12bda') in 0.084882 seconds 
  Import took 0.098736 seconds .

========================================================================
Received Import Request.
  Time since last request: 0.000549 seconds.
  path: Assets/Models/Zombie/Textures/whiteclown_normal.png
  artifactKey: Guid(f1c3d16839b9e0f489dfefb1fe652ffc) Importer(815301076,1909f56bfc062723c751e8b465ee728b)
Start importing Assets/Models/Zombie/Textures/whiteclown_normal.png using Guid(f1c3d16839b9e0f489dfefb1fe652ffc) Importer(815301076,1909f56bfc062723c751e8b465ee728b)  -> (artifact id: 'ebea5afa82ab3c86ad0637663d079d45') in 0.038999 seconds 
  Import took 0.045649 seconds .

========================================================================
Received Import Request.
  Time since last request: 0.000422 seconds.
  path: Assets/Models/Zombie/Textures/Demon__specular.png
  artifactKey: Guid(3a1f86d7453e88a4eaabc24a904d96c9) Importer(815301076,1909f56bfc062723c751e8b465ee728b)
Start importing Assets/Models/Zombie/Textures/Demon__specular.png using Guid(3a1f86d7453e88a4eaabc24a904d96c9) Importer(815301076,1909f56bfc062723c751e8b465ee728b)  -> (artifact id: '6d9d145fbbf676c5ab864fb69d9cabc2') in 0.030075 seconds 
  Import took 0.073582 seconds .

========================================================================
Received Import Request.
  Time since last request: 0.000293 seconds.
  path: Assets/Models/Zombie/Textures/whiteclown_diffuse.png
  artifactKey: Guid(479fcd495c50dc04c933e8920a9372e1) Importer(815301076,1909f56bfc062723c751e8b465ee728b)
Start importing Assets/Models/Zombie/Textures/whiteclown_diffuse.png using Guid(479fcd495c50dc04c933e8920a9372e1) Importer(815301076,1909f56bfc062723c751e8b465ee728b)  -> (artifact id: '10ec66bcbff126af0b68037538fecd19') in 0.022829 seconds 
  Import took 0.028431 seconds .

========================================================================
Received Import Request.
  Time since last request: 0.000380 seconds.
  path: Assets/Models/Zombie/Textures/whiteclown_specular.png
  artifactKey: Guid(d9c9a8f252b7bcc4e893fb20450e41a6) Importer(815301076,1909f56bfc062723c751e8b465ee728b)
Start importing Assets/Models/Zombie/Textures/whiteclown_specular.png using Guid(d9c9a8f252b7bcc4e893fb20450e41a6) Importer(815301076,1909f56bfc062723c751e8b465ee728b)  -> (artifact id: '8fa267085b2dc5861ab263bcb5ac8a8a') in 0.022676 seconds 
  Import took 0.044689 seconds .

========================================================================
Received Import Request.
  Time since last request: 25.072456 seconds.
  path: Assets/Models/Zombie/Materials/Zombie.mat
  artifactKey: Guid(7c2cd5d1a1292b6459678ad98771c256) Importer(815301076,1909f56bfc062723c751e8b465ee728b)
Start importing Assets/Models/Zombie/Materials/Zombie.mat using Guid(7c2cd5d1a1292b6459678ad98771c256) Importer(815301076,1909f56bfc062723c751e8b465ee728b)  -> (artifact id: 'fb7228f74c5e2ef0a953a5ea4e9ac474') in 0.148325 seconds 
  Import took 0.178453 seconds .

========================================================================
Received Import Request.
  Time since last request: 75.871392 seconds.
  path: Assets/Models/Zombie/Zombie.prefab
  artifactKey: Guid(7d9872d80a75bb44ab08a9478f379f42) Importer(815301076,1909f56bfc062723c751e8b465ee728b)
Start importing Assets/Models/Zombie/Zombie.prefab using Guid(7d9872d80a75bb44ab08a9478f379f42) Importer(815301076,1909f56bfc062723c751e8b465ee728b)  -> (artifact id: 'de82d9a5d425dc479f0ac54e1bdd50aa') in 0.025639 seconds 
  Import took 0.049169 seconds .

========================================================================
Received Import Request.
  Time since last request: 11.494274 seconds.
  path: Assets/Models/Zombie/Zombie.prefab
  artifactKey: Guid(7d9872d80a75bb44ab08a9478f379f42) Importer(815301076,1909f56bfc062723c751e8b465ee728b)
Start importing Assets/Models/Zombie/Zombie.prefab using Guid(7d9872d80a75bb44ab08a9478f379f42) Importer(815301076,1909f56bfc062723c751e8b465ee728b)  -> (artifact id: '45489b8c54eda7cad29ab847b31d6250') in 0.022953 seconds 
  Import took 0.044080 seconds .

========================================================================
Received Import Request.
  Time since last request: 2.871727 seconds.
  path: Assets/Models/Zombie/Zombie.prefab
  artifactKey: Guid(7d9872d80a75bb44ab08a9478f379f42) Importer(815301076,1909f56bfc062723c751e8b465ee728b)
Start importing Assets/Models/Zombie/Zombie.prefab using Guid(7d9872d80a75bb44ab08a9478f379f42) Importer(815301076,1909f56bfc062723c751e8b465ee728b)  -> (artifact id: 'cb6a7b30c06f8f9b61533e66ff23b7d7') in 0.028347 seconds 
  Import took 0.045565 seconds .

========================================================================
Received Import Request.
  Time since last request: 6.620764 seconds.
  path: Assets/Models/Vampire/Vampire.prefab
  artifactKey: Guid(ae1c5e32519a00943a6380ceb4b9b729) Importer(815301076,1909f56bfc062723c751e8b465ee728b)
Start importing Assets/Models/Vampire/Vampire.prefab using Guid(ae1c5e32519a00943a6380ceb4b9b729) Importer(815301076,1909f56bfc062723c751e8b465ee728b)  -> (artifact id: '1a9f653e6810197af558c233eb0c0bcd') in 0.060465 seconds 
  Import took 0.086182 seconds .

========================================================================
Received Import Request.
  Time since last request: 605.212411 seconds.
  path: Assets/Models/Vampire/VampireIdle.controller
  artifactKey: Guid(dc92a02893f614642addf85f8dfca88a) Importer(815301076,1909f56bfc062723c751e8b465ee728b)
Start importing Assets/Models/Vampire/VampireIdle.controller using Guid(dc92a02893f614642addf85f8dfca88a) Importer(815301076,1909f56bfc062723c751e8b465ee728b)  -> (artifact id: 'f94a0ee5ff222e7ac2b24fa8e16d17e9') in 0.024541 seconds 
  Import took 0.055991 seconds .

========================================================================
Received Import Request.
  Time since last request: 0.992880 seconds.
  path: Assets/Models/Zombie/VampireIdle.controller
  artifactKey: Guid(d7b0d7b003543bf428b7b0a0ab81fe2c) Importer(815301076,1909f56bfc062723c751e8b465ee728b)
Start importing Assets/Models/Zombie/VampireIdle.controller using Guid(d7b0d7b003543bf428b7b0a0ab81fe2c) Importer(815301076,1909f56bfc062723c751e8b465ee728b)  -> (artifact id: '7c5768060a30a5d44561836c6f960ffc') in 0.019343 seconds 
  Import took 0.041868 seconds .

========================================================================
Received Import Request.
  Time since last request: 6.687294 seconds.
  path: Assets/Models/Zombie/ZombieIdle.controller
  artifactKey: Guid(d7b0d7b003543bf428b7b0a0ab81fe2c) Importer(815301076,1909f56bfc062723c751e8b465ee728b)
Start importing Assets/Models/Zombie/ZombieIdle.controller using Guid(d7b0d7b003543bf428b7b0a0ab81fe2c) Importer(815301076,1909f56bfc062723c751e8b465ee728b)  -> (artifact id: '47e625c7992573bb841fbe4debec1678') in 0.025969 seconds 
  Import took 0.033820 seconds .

========================================================================
Received Import Request.
  Time since last request: 81.811470 seconds.
  path: Assets/Models/Zombie/ZombieIdle.controller
  artifactKey: Guid(d7b0d7b003543bf428b7b0a0ab81fe2c) Importer(815301076,1909f56bfc062723c751e8b465ee728b)
Start importing Assets/Models/Zombie/ZombieIdle.controller using Guid(d7b0d7b003543bf428b7b0a0ab81fe2c) Importer(815301076,1909f56bfc062723c751e8b465ee728b)  -> (artifact id: '0e94d1bbf080252ca99d2e865ad22d8c') in 0.013394 seconds 
  Import took 0.021037 seconds .

========================================================================
Received Import Request.
  Time since last request: 7.434157 seconds.
  path: Assets/Models/Zombie/ZombieWalkRect.controller
  artifactKey: Guid(d7b0d7b003543bf428b7b0a0ab81fe2c) Importer(815301076,1909f56bfc062723c751e8b465ee728b)
Start importing Assets/Models/Zombie/ZombieWalkRect.controller using Guid(d7b0d7b003543bf428b7b0a0ab81fe2c) Importer(815301076,1909f56bfc062723c751e8b465ee728b)  -> (artifact id: 'f7933f2c1f83f32bc0a4302d5c431ece') in 0.024002 seconds 
  Import took 0.031175 seconds .

========================================================================
Received Import Request.
  Time since last request: 5.321499 seconds.
  path: Assets/Models/Zombie/ZombieWalkCircl.controller
  artifactKey: Guid(d7b0d7b003543bf428b7b0a0ab81fe2c) Importer(815301076,1909f56bfc062723c751e8b465ee728b)
Start importing Assets/Models/Zombie/ZombieWalkCircl.controller using Guid(d7b0d7b003543bf428b7b0a0ab81fe2c) Importer(815301076,1909f56bfc062723c751e8b465ee728b)  -> (artifact id: '3d3273a4bfec6b88be74cd63a323bb5b') in 0.021380 seconds 
  Import took 0.029064 seconds .

========================================================================
Received Import Request.
  Time since last request: 1.919992 seconds.
  path: Assets/Models/Zombie/ZombieWalkRect 1.controller
  artifactKey: Guid(eaac9be4eaa121941ae5f1ee3096dad8) Importer(815301076,1909f56bfc062723c751e8b465ee728b)
Start importing Assets/Models/Zombie/ZombieWalkRect 1.controller using Guid(eaac9be4eaa121941ae5f1ee3096dad8) Importer(815301076,1909f56bfc062723c751e8b465ee728b)  -> (artifact id: '02c1f14fd8994eaf7de96d1d017be063') in 0.026321 seconds 
  Import took 0.034228 seconds .

========================================================================
Received Import Request.
  Time since last request: 4.183199 seconds.
  path: Assets/Models/Zombie/ZombieWalkRect.controller
  artifactKey: Guid(eaac9be4eaa121941ae5f1ee3096dad8) Importer(815301076,1909f56bfc062723c751e8b465ee728b)
Start importing Assets/Models/Zombie/ZombieWalkRect.controller using Guid(eaac9be4eaa121941ae5f1ee3096dad8) Importer(815301076,1909f56bfc062723c751e8b465ee728b)  -> (artifact id: 'db80b15587b9157f7a2665ae46af4ee4') in 0.013523 seconds 
  Import took 0.021184 seconds .

========================================================================
Received Import Request.
  Time since last request: 4.313624 seconds.
  path: Assets/Models/Zombie/ZombieWalkCircle.controller
  artifactKey: Guid(d7b0d7b003543bf428b7b0a0ab81fe2c) Importer(815301076,1909f56bfc062723c751e8b465ee728b)
Start importing Assets/Models/Zombie/ZombieWalkCircle.controller using Guid(d7b0d7b003543bf428b7b0a0ab81fe2c) Importer(815301076,1909f56bfc062723c751e8b465ee728b)  -> (artifact id: '4efd2806014bea4b4971e370611c3138') in 0.041434 seconds 
  Import took 0.063583 seconds .

========================================================================
Received Import Request.
  Time since last request: 1.071479 seconds.
  path: Assets/Models/Zombie/ZombieIdle 1.controller
  artifactKey: Guid(5f675631eea2b664cb80146f1bb43d50) Importer(815301076,1909f56bfc062723c751e8b465ee728b)
Start importing Assets/Models/Zombie/ZombieIdle 1.controller using Guid(5f675631eea2b664cb80146f1bb43d50) Importer(815301076,1909f56bfc062723c751e8b465ee728b)  -> (artifact id: 'c7ee87f7aa9b37f66240f6d751b22af1') in 0.024664 seconds 
  Import took 0.031606 seconds .

========================================================================
Received Import Request.
  Time since last request: 3.094298 seconds.
  path: Assets/Models/Zombie/ZombieIdle.controller
  artifactKey: Guid(5f675631eea2b664cb80146f1bb43d50) Importer(815301076,1909f56bfc062723c751e8b465ee728b)
Start importing Assets/Models/Zombie/ZombieIdle.controller using Guid(5f675631eea2b664cb80146f1bb43d50) Importer(815301076,1909f56bfc062723c751e8b465ee728b)  -> (artifact id: '8a55ae298ed847e072d18e170f0ac8f7') in 0.013729 seconds 
  Import took 0.021706 seconds .

========================================================================
Received Import Request.
  Time since last request: 3.386673 seconds.
  path: Assets/Models/Vampire/VampireWalk.controller
  artifactKey: Guid(938d971532bdceb4e9971ff82fdee392) Importer(815301076,1909f56bfc062723c751e8b465ee728b)
Start importing Assets/Models/Vampire/VampireWalk.controller using Guid(938d971532bdceb4e9971ff82fdee392) Importer(815301076,1909f56bfc062723c751e8b465ee728b)  -> (artifact id: '77a3cce174f689fa505ee7d9a070f41b') in 0.025010 seconds 
  Import took 0.030981 seconds .

========================================================================
Received Prepare
Registering precompiled user dll's ...
Registered in 0.006103 seconds.
Begin MonoManager ReloadAssembly
Native extension for WindowsStandalone target not found
Refreshing native plugins compatible for Editor in 0.57 ms, found 2 plugins.
Preloading 0 native plugins for Editor in 0.00 ms.
Mono: successfully reloaded assembly
- Completed reload, in  1.887 seconds
Domain Reload Profiling:
	ReloadAssembly (1888ms)
		BeginReloadAssembly (190ms)
			ExecutionOrderSort (0ms)
			DisableScriptedObjects (7ms)
			BackupInstance (0ms)
			ReleaseScriptingObjects (0ms)
			CreateAndSetChildDomain (57ms)
		EndReloadAssembly (1595ms)
			LoadAssemblies (164ms)
			RebuildTransferFunctionScriptingTraits (0ms)
			SetupTypeCache (589ms)
			ReleaseScriptCaches (2ms)
			RebuildScriptCaches (82ms)
			SetupLoadedEditorAssemblies (573ms)
				LogAssemblyErrors (0ms)
				InitializePlatformSupportModulesInManaged (11ms)
				SetLoadedEditorAssemblies (1ms)
				RefreshPlugins (1ms)
				BeforeProcessingInitializeOnLoad (121ms)
				ProcessInitializeOnLoadAttributes (414ms)
				ProcessInitializeOnLoadMethodAttributes (21ms)
				AfterProcessingInitializeOnLoad (4ms)
				EditorAssembliesLoaded (1ms)
			ExecutionOrderSort2 (0ms)
			AwakeInstancesAfterBackupRestoration (15ms)
Platform modules already initialized, skipping
Refreshing native plugins compatible for Editor in 0.61 ms, found 2 plugins.
Preloading 0 native plugins for Editor in 0.00 ms.
Unloading 1498 Unused Serialized files (Serialized files now loaded: 0)
System memory in use before: 85.4 MB.
System memory in use after: 85.5 MB.

Unloading 14 unused Assets to reduce memory usage. Loaded Objects now: 1998.
Total: 5.183800 ms (FindLiveObjects: 0.234800 ms CreateObjectMapping: 0.056600 ms MarkObjects: 4.863400 ms  DeleteObjects: 0.026900 ms)

AssetImportParameters requested are different than current active one (requested -> active):
  custom:framework-win-MediaFoundation: 216162199b28c13a410421893ffa2e32 -> 
  custom:video-decoder-ogg-theora: a1e56fd34408186e4bbccfd4996cb3dc -> 
  custom:container-muxer-webm: aa71ff27fc2769a1b78a27578f13a17b -> 
  custom:container-demuxer-webm: 4f35f7cbe854078d1ac9338744f61a02 -> 
  custom:container-demuxer-ogg: 62fdf1f143b41e24485cea50d1cbac27 -> 
  custom:video-encoder-webm-vp8: eb34c28f22e8b96e1ab97ce403110664 -> 
  custom:video-decoder-webm-vp8: 9c59270c3fd7afecdb556c50c9e8de78 -> 
  custom:audio-decoder-ogg-vorbis: bf7c407c2cedff20999df2af8eb42d56 -> 
  custom:audio-encoder-webm-vorbis: bf7c407c2cedff20999df2af8eb42d56 -> 
========================================================================
Received Prepare
Registering precompiled user dll's ...
Registered in 0.009725 seconds.
Begin MonoManager ReloadAssembly
Native extension for WindowsStandalone target not found
Refreshing native plugins compatible for Editor in 0.81 ms, found 2 plugins.
Preloading 0 native plugins for Editor in 0.00 ms.
Mono: successfully reloaded assembly
- Completed reload, in  6.160 seconds
Domain Reload Profiling:
	ReloadAssembly (6162ms)
		BeginReloadAssembly (378ms)
			ExecutionOrderSort (0ms)
			DisableScriptedObjects (17ms)
			BackupInstance (0ms)
			ReleaseScriptingObjects (0ms)
			CreateAndSetChildDomain (133ms)
		EndReloadAssembly (5592ms)
			LoadAssemblies (299ms)
			RebuildTransferFunctionScriptingTraits (0ms)
			SetupTypeCache (1356ms)
			ReleaseScriptCaches (5ms)
			RebuildScriptCaches (836ms)
			SetupLoadedEditorAssemblies (1493ms)
				LogAssemblyErrors (0ms)
				InitializePlatformSupportModulesInManaged (31ms)
				SetLoadedEditorAssemblies (2ms)
				RefreshPlugins (1ms)
				BeforeProcessingInitializeOnLoad (434ms)
				ProcessInitializeOnLoadAttributes (963ms)
				ProcessInitializeOnLoadMethodAttributes (50ms)
				AfterProcessingInitializeOnLoad (12ms)
				EditorAssembliesLoaded (1ms)
			ExecutionOrderSort2 (0ms)
			AwakeInstancesAfterBackupRestoration (32ms)
Platform modules already initialized, skipping
Refreshing native plugins compatible for Editor in 1.65 ms, found 2 plugins.
Preloading 0 native plugins for Editor in 0.00 ms.
Unloading 1498 Unused Serialized files (Serialized files now loaded: 0)
System memory in use before: 85.4 MB.
System memory in use after: 85.5 MB.

Unloading 14 unused Assets to reduce memory usage. Loaded Objects now: 2000.
Total: 8.638300 ms (FindLiveObjects: 0.276700 ms CreateObjectMapping: 0.085300 ms MarkObjects: 8.234600 ms  DeleteObjects: 0.038400 ms)

AssetImportParameters requested are different than current active one (requested -> active):
  custom:framework-win-MediaFoundation: 216162199b28c13a410421893ffa2e32 -> 
  custom:video-decoder-ogg-theora: a1e56fd34408186e4bbccfd4996cb3dc -> 
  custom:container-muxer-webm: aa71ff27fc2769a1b78a27578f13a17b -> 
  custom:container-demuxer-webm: 4f35f7cbe854078d1ac9338744f61a02 -> 
  custom:container-demuxer-ogg: 62fdf1f143b41e24485cea50d1cbac27 -> 
  custom:video-encoder-webm-vp8: eb34c28f22e8b96e1ab97ce403110664 -> 
  custom:video-decoder-webm-vp8: 9c59270c3fd7afecdb556c50c9e8de78 -> 
  custom:audio-decoder-ogg-vorbis: bf7c407c2cedff20999df2af8eb42d56 -> 
  custom:audio-encoder-webm-vorbis: bf7c407c2cedff20999df2af8eb42d56 -> 
AssetImportWorkerClient::OnTransportError - code=2 error=End of file
